<?xml version="1.0" encoding="UTF-8"?>
<!-- Generated by org.testng.reporters.JUnitReportReporter -->
<testsuite hostname="LTIN190081" failures="0" tests="24" name="TestCases.TC006_HealthInsuranceNewTest" time="281.471" errors="0" timestamp="2024-02-19T11:44:42 IST" skipped="0">
  <testcase classname="TestCases.TC006_HealthInsuranceNewTest" name="test1" time="48.385"/>
  <testcase classname="TestCases.TC006_HealthInsuranceNewTest" name="test1" time="15.419"/>
  <testcase classname="TestCases.TC006_HealthInsuranceNewTest" name="test2" time="2.536"/>
  <testcase classname="TestCases.TC006_HealthInsuranceNewTest" name="test2" time="2.705"/>
  <testcase classname="TestCases.TC006_HealthInsuranceNewTest" name="test3" time="0.221"/>
  <testcase classname="TestCases.TC006_HealthInsuranceNewTest" name="test3" time="0.302"/>
  <testcase classname="TestCases.TC006_HealthInsuranceNewTest" name="test4" time="6.503"/>
  <testcase classname="TestCases.TC006_HealthInsuranceNewTest" name="test4" time="6.924"/>
  <testcase classname="TestCases.TC006_HealthInsuranceNewTest" name="test5" time="3.679"/>
  <testcase classname="TestCases.TC006_HealthInsuranceNewTest" name="test5" time="4.385"/>
  <testcase classname="TestCases.TC006_HealthInsuranceNewTest" name="test6" time="3.952"/>
  <testcase classname="TestCases.TC006_HealthInsuranceNewTest" name="test6" time="3.648"/>
  <testcase classname="TestCases.TC006_HealthInsuranceNewTest" name="test7" time="1.163"/>
  <testcase classname="TestCases.TC006_HealthInsuranceNewTest" name="test7" time="1.317"/>
  <testcase classname="TestCases.TC006_HealthInsuranceNewTest" name="test8" time="39.287"/>
  <testcase classname="TestCases.TC006_HealthInsuranceNewTest" name="test8" time="36.224"/>
  <testcase classname="TestCases.TC006_HealthInsuranceNewTest" name="test9" time="14.486"/>
  <testcase classname="TestCases.TC006_HealthInsuranceNewTest" name="test9" time="18.137"/>
  <testcase classname="TestCases.TC006_HealthInsuranceNewTest" name="test10" time="12.992"/>
  <testcase classname="TestCases.TC006_HealthInsuranceNewTest" name="test10" time="13.323"/>
  <testcase classname="TestCases.TC006_HealthInsuranceNewTest" name="test11" time="13.629"/>
  <testcase classname="TestCases.TC006_HealthInsuranceNewTest" name="test11" time="18.133"/>
  <testcase classname="TestCases.TC006_HealthInsuranceNewTest" name="test12" time="6.832"/>
  <testcase classname="TestCases.TC006_HealthInsuranceNewTest" name="test12" time="7.289"/>
</testsuite> <!-- TestCases.TC006_HealthInsuranceNewTest -->
